<?xml version="1.0" encoding="UTF-8"?>
<coverage generated="1506254015511" clover="3.2.0">
  <project timestamp="1506254015511" name="All files">
    <metrics statements="96" coveredstatements="9" conditionals="20" coveredconditionals="0" methods="48" coveredmethods="0" elements="164" coveredelements="9" complexity="0" loc="96" ncloc="96" packages="3" files="10" classes="10">
      <package name="src">
        <metrics statements="0" coveredstatements="0" conditionals="0" coveredconditionals="0" methods="0" coveredmethods="0"/>
        <file name="index.js" path="/Users/vladimirnovick/dev/VladDev/Conferences/ReactBoston/react-iot/src/index.js">
          <metrics statements="0" coveredstatements="0" conditionals="0" coveredconditionals="0" methods="0" coveredmethods="0"/>
        </file>
      </package>
      <package name="src.components">
        <metrics statements="45" coveredstatements="4" conditionals="12" coveredconditionals="0" methods="21" coveredmethods="0"/>
        <file name="Board.js" path="/Users/vladimirnovick/dev/VladDev/Conferences/ReactBoston/react-iot/src/components/Board.js">
          <metrics statements="7" coveredstatements="0" conditionals="2" coveredconditionals="0" methods="5" coveredmethods="0"/>
          <line num="12" count="0" type="stmt"/>
          <line num="16" count="0" type="stmt"/>
          <line num="17" count="0" type="stmt"/>
          <line num="18" count="0" type="stmt"/>
          <line num="20" count="0" type="stmt"/>
          <line num="24" count="0" type="stmt"/>
          <line num="28" count="0" type="cond" truecount="0" falsecount="2"/>
        </file>
        <file name="Button.js" path="/Users/vladimirnovick/dev/VladDev/Conferences/ReactBoston/react-iot/src/components/Button.js">
          <metrics statements="19" coveredstatements="1" conditionals="4" coveredconditionals="0" methods="7" coveredmethods="0"/>
          <line num="6" count="1" type="stmt"/>
          <line num="13" count="0" type="stmt"/>
          <line num="14" count="0" type="stmt"/>
          <line num="15" count="0" type="stmt"/>
          <line num="18" count="0" type="stmt"/>
          <line num="19" count="0" type="stmt"/>
          <line num="23" count="0" type="stmt"/>
          <line num="27" count="0" type="stmt"/>
          <line num="29" count="0" type="cond" truecount="0" falsecount="2"/>
          <line num="30" count="0" type="stmt"/>
          <line num="34" count="0" type="stmt"/>
          <line num="37" count="0" type="cond" truecount="0" falsecount="2"/>
          <line num="38" count="0" type="stmt"/>
          <line num="39" count="0" type="stmt"/>
          <line num="44" count="0" type="stmt"/>
          <line num="45" count="0" type="stmt"/>
          <line num="46" count="0" type="stmt"/>
          <line num="47" count="0" type="stmt"/>
          <line num="51" count="0" type="stmt"/>
        </file>
        <file name="Container.js" path="/Users/vladimirnovick/dev/VladDev/Conferences/ReactBoston/react-iot/src/components/Container.js">
          <metrics statements="1" coveredstatements="1" conditionals="0" coveredconditionals="0" methods="1" coveredmethods="0"/>
          <line num="1" count="1" type="stmt"/>
        </file>
        <file name="Led.js" path="/Users/vladimirnovick/dev/VladDev/Conferences/ReactBoston/react-iot/src/components/Led.js">
          <metrics statements="12" coveredstatements="0" conditionals="4" coveredconditionals="0" methods="6" coveredmethods="0"/>
          <line num="9" count="0" type="stmt"/>
          <line num="10" count="0" type="stmt"/>
          <line num="11" count="0" type="stmt"/>
          <line num="12" count="0" type="stmt"/>
          <line num="13" count="0" type="stmt"/>
          <line num="18" count="0" type="cond" truecount="0" falsecount="2"/>
          <line num="19" count="0" type="stmt"/>
          <line num="24" count="0" type="stmt"/>
          <line num="28" count="0" type="cond" truecount="0" falsecount="2"/>
          <line num="29" count="0" type="stmt"/>
          <line num="31" count="0" type="stmt"/>
          <line num="36" count="0" type="stmt"/>
        </file>
        <file name="index.js" path="/Users/vladimirnovick/dev/VladDev/Conferences/ReactBoston/react-iot/src/components/index.js">
          <metrics statements="6" coveredstatements="2" conditionals="2" coveredconditionals="0" methods="2" coveredmethods="0"/>
          <line num="8" count="1" type="stmt"/>
          <line num="17" count="1" type="stmt"/>
          <line num="20" count="0" type="cond" truecount="0" falsecount="2"/>
          <line num="21" count="0" type="stmt"/>
          <line num="22" count="0" type="stmt"/>
          <line num="24" count="0" type="stmt"/>
        </file>
      </package>
      <package name="src.core">
        <metrics statements="51" coveredstatements="5" conditionals="8" coveredconditionals="0" methods="27" coveredmethods="0"/>
        <file name="ReactIoTRenderer.js" path="/Users/vladimirnovick/dev/VladDev/Conferences/ReactBoston/react-iot/src/core/ReactIoTRenderer.js">
          <metrics statements="10" coveredstatements="2" conditionals="4" coveredconditionals="0" methods="0" coveredmethods="0"/>
          <line num="11" count="1" type="stmt"/>
          <line num="19" count="1" type="stmt"/>
          <line num="25" count="0" type="cond" truecount="0" falsecount="2"/>
          <line num="26" count="0" type="stmt"/>
          <line num="27" count="0" type="stmt"/>
          <line num="28" count="0" type="stmt"/>
          <line num="30" count="0" type="stmt"/>
          <line num="35" count="0" type="cond" truecount="0" falsecount="2"/>
          <line num="36" count="0" type="stmt"/>
          <line num="40" count="0" type="stmt"/>
        </file>
        <file name="ReactIotContainer.js" path="/Users/vladimirnovick/dev/VladDev/Conferences/ReactBoston/react-iot/src/core/ReactIotContainer.js">
          <metrics statements="5" coveredstatements="0" conditionals="0" coveredconditionals="0" methods="5" coveredmethods="0"/>
          <line num="9" count="0" type="stmt"/>
          <line num="13" count="0" type="stmt"/>
          <line num="17" count="0" type="stmt"/>
          <line num="21" count="0" type="stmt"/>
          <line num="25" count="0" type="stmt"/>
        </file>
        <file name="ReactIotManager.js" path="/Users/vladimirnovick/dev/VladDev/Conferences/ReactBoston/react-iot/src/core/ReactIotManager.js">
          <metrics statements="0" coveredstatements="0" conditionals="0" coveredconditionals="0" methods="0" coveredmethods="0"/>
        </file>
        <file name="hostConfig.js" path="/Users/vladimirnovick/dev/VladDev/Conferences/ReactBoston/react-iot/src/core/hostConfig.js">
          <metrics statements="36" coveredstatements="3" conditionals="4" coveredconditionals="0" methods="22" coveredmethods="0"/>
          <line num="6" count="0" type="stmt"/>
          <line num="12" count="1" type="stmt"/>
          <line num="13" count="0" type="stmt"/>
          <line num="16" count="1" type="stmt"/>
          <line num="19" count="0" type="stmt"/>
          <line num="23" count="0" type="stmt"/>
          <line num="27" count="0" type="stmt"/>
          <line num="31" count="0" type="stmt"/>
          <line num="37" count="0" type="stmt"/>
          <line num="39" count="0" type="stmt"/>
          <line num="51" count="0" type="stmt"/>
          <line num="52" count="0" type="stmt"/>
          <line num="67" count="0" type="stmt"/>
          <line num="76" count="0" type="stmt"/>
          <line num="87" count="0" type="stmt"/>
          <line num="88" count="0" type="stmt"/>
          <line num="92" count="0" type="stmt"/>
          <line num="93" count="0" type="stmt"/>
          <line num="101" count="0" type="stmt"/>
          <line num="102" count="0" type="cond" truecount="0" falsecount="2"/>
          <line num="103" count="0" type="stmt"/>
          <line num="105" count="0" type="stmt"/>
          <line num="106" count="0" type="cond" truecount="0" falsecount="2"/>
          <line num="115" count="0" type="stmt"/>
          <line num="120" count="0" type="stmt"/>
          <line num="129" count="0" type="stmt"/>
          <line num="130" count="0" type="stmt"/>
          <line num="134" count="0" type="stmt"/>
          <line num="141" count="0" type="stmt"/>
          <line num="142" count="0" type="stmt"/>
          <line num="146" count="0" type="stmt"/>
          <line num="148" count="0" type="stmt"/>
          <line num="153" count="0" type="stmt"/>
          <line num="158" count="0" type="stmt"/>
          <line num="163" count="0" type="stmt"/>
          <line num="166" count="1" type="stmt"/>
        </file>
      </package>
    </metrics>
  </project>
</coverage>
