{"/Users/vladimirnovick/dev/VladDev/Conferences/ReactBoston/react-iot/src/index.js": {"path":"/Users/vladimirnovick/dev/VladDev/Conferences/ReactBoston/react-iot/src/index.js","statementMap":{},"fnMap":{},"branchMap":{},"s":{},"f":{},"b":{},"_coverageSchema":"332fd63041d2c1bcb487cc26dd0d5f7d97098a6c","hash":"f66cc24cba75ebc6a4f67697534b14f09e09b678"}
,"/Users/vladimirnovick/dev/VladDev/Conferences/ReactBoston/react-iot/src/components/Board.js": {"path":"/Users/vladimirnovick/dev/VladDev/Conferences/ReactBoston/react-iot/src/components/Board.js","statementMap":{"0":{"start":{"line":12,"column":4},"end":{"line":12,"column":33}},"1":{"start":{"line":16,"column":18},"end":{"line":16,"column":51}},"2":{"start":{"line":17,"column":4},"end":{"line":19,"column":7}},"3":{"start":{"line":18,"column":6},"end":{"line":18,"column":37}},"4":{"start":{"line":20,"column":4},"end":{"line":20,"column":23}},"5":{"start":{"line":24,"column":4},"end":{"line":24,"column":28}},"6":{"start":{"line":28,"column":4},"end":{"line":28,"column":53}}},"fnMap":{"0":{"name":"(anonymous_0)","decl":{"start":{"line":11,"column":2},"end":{"line":11,"column":3}},"loc":{"start":{"line":11,"column":20},"end":{"line":13,"column":3}},"line":11},"1":{"name":"(anonymous_1)","decl":{"start":{"line":15,"column":2},"end":{"line":15,"column":3}},"loc":{"start":{"line":15,"column":23},"end":{"line":21,"column":3}},"line":15},"2":{"name":"(anonymous_2)","decl":{"start":{"line":17,"column":22},"end":{"line":17,"column":23}},"loc":{"start":{"line":17,"column":28},"end":{"line":19,"column":5}},"line":17},"3":{"name":"(anonymous_3)","decl":{"start":{"line":23,"column":2},"end":{"line":23,"column":3}},"loc":{"start":{"line":23,"column":25},"end":{"line":25,"column":3}},"line":23},"4":{"name":"(anonymous_4)","decl":{"start":{"line":27,"column":2},"end":{"line":27,"column":3}},"loc":{"start":{"line":27,"column":11},"end":{"line":29,"column":3}},"line":27}},"branchMap":{"0":{"loc":{"start":{"line":28,"column":12},"end":{"line":28,"column":51}},"type":"binary-expr","locations":[{"start":{"line":28,"column":12},"end":{"line":28,"column":28}},{"start":{"line":28,"column":32},"end":{"line":28,"column":51}}],"line":28}},"s":{"0":0,"1":0,"2":0,"3":0,"4":0,"5":0,"6":0},"f":{"0":0,"1":0,"2":0,"3":0,"4":0},"b":{"0":[0,0]},"_coverageSchema":"332fd63041d2c1bcb487cc26dd0d5f7d97098a6c","hash":"4c5cf61e4c69d81f9d8900dc261391b86f77d274"}
,"/Users/vladimirnovick/dev/VladDev/Conferences/ReactBoston/react-iot/src/components/Button.js": {"path":"/Users/vladimirnovick/dev/VladDev/Conferences/ReactBoston/react-iot/src/components/Button.js","statementMap":{"0":{"start":{"line":6,"column":20},"end":{"line":6,"column":62}},"1":{"start":{"line":13,"column":38},"end":{"line":13,"column":48}},"2":{"start":{"line":14,"column":4},"end":{"line":14,"column":60}},"3":{"start":{"line":15,"column":4},"end":{"line":15,"column":37}},"4":{"start":{"line":18,"column":4},"end":{"line":18,"column":58}},"5":{"start":{"line":19,"column":4},"end":{"line":19,"column":29}},"6":{"start":{"line":23,"column":4},"end":{"line":36,"column":16}},"7":{"start":{"line":27,"column":31},"end":{"line":28,"column":36}},"8":{"start":{"line":29,"column":14},"end":{"line":33,"column":15}},"9":{"start":{"line":30,"column":16},"end":{"line":32,"column":19}},"10":{"start":{"line":34,"column":14},"end":{"line":34,"column":25}},"11":{"start":{"line":37,"column":4},"end":{"line":40,"column":5}},"12":{"start":{"line":38,"column":6},"end":{"line":39,"column":67}},"13":{"start":{"line":39,"column":33},"end":{"line":39,"column":63}},"14":{"start":{"line":44,"column":16},"end":{"line":44,"column":44}},"15":{"start":{"line":45,"column":4},"end":{"line":45,"column":14}},"16":{"start":{"line":46,"column":4},"end":{"line":46,"column":29}},"17":{"start":{"line":47,"column":4},"end":{"line":47,"column":23}},"18":{"start":{"line":51,"column":4},"end":{"line":51,"column":17}}},"fnMap":{"0":{"name":"(anonymous_0)","decl":{"start":{"line":12,"column":2},"end":{"line":12,"column":3}},"loc":{"start":{"line":12,"column":23},"end":{"line":16,"column":3}},"line":12},"1":{"name":"(anonymous_1)","decl":{"start":{"line":17,"column":2},"end":{"line":17,"column":3}},"loc":{"start":{"line":17,"column":25},"end":{"line":20,"column":3}},"line":17},"2":{"name":"(anonymous_2)","decl":{"start":{"line":22,"column":2},"end":{"line":22,"column":3}},"loc":{"start":{"line":22,"column":25},"end":{"line":41,"column":3}},"line":22},"3":{"name":"(anonymous_3)","decl":{"start":{"line":26,"column":12},"end":{"line":26,"column":13}},"loc":{"start":{"line":26,"column":32},"end":{"line":35,"column":13}},"line":26},"4":{"name":"(anonymous_4)","decl":{"start":{"line":39,"column":8},"end":{"line":39,"column":9}},"loc":{"start":{"line":39,"column":31},"end":{"line":39,"column":65}},"line":39},"5":{"name":"(anonymous_5)","decl":{"start":{"line":43,"column":2},"end":{"line":43,"column":3}},"loc":{"start":{"line":43,"column":22},"end":{"line":48,"column":3}},"line":43},"6":{"name":"(anonymous_6)","decl":{"start":{"line":50,"column":2},"end":{"line":50,"column":3}},"loc":{"start":{"line":50,"column":11},"end":{"line":52,"column":3}},"line":50}},"branchMap":{"0":{"loc":{"start":{"line":29,"column":14},"end":{"line":33,"column":15}},"type":"if","locations":[{"start":{"line":29,"column":14},"end":{"line":33,"column":15}},{"start":{"line":29,"column":14},"end":{"line":33,"column":15}}],"line":29},"1":{"loc":{"start":{"line":37,"column":4},"end":{"line":40,"column":5}},"type":"if","locations":[{"start":{"line":37,"column":4},"end":{"line":40,"column":5}},{"start":{"line":37,"column":4},"end":{"line":40,"column":5}}],"line":37}},"s":{"0":1,"1":0,"2":0,"3":0,"4":0,"5":0,"6":0,"7":0,"8":0,"9":0,"10":0,"11":0,"12":0,"13":0,"14":0,"15":0,"16":0,"17":0,"18":0},"f":{"0":0,"1":0,"2":0,"3":0,"4":0,"5":0,"6":0},"b":{"0":[0,0],"1":[0,0]},"_coverageSchema":"332fd63041d2c1bcb487cc26dd0d5f7d97098a6c","hash":"4e4d4e87055cc13f608171461372e72192275cd8"}
,"/Users/vladimirnovick/dev/VladDev/Conferences/ReactBoston/react-iot/src/components/Container.js": {"path":"/Users/vladimirnovick/dev/VladDev/Conferences/ReactBoston/react-iot/src/components/Container.js","statementMap":{"0":{"start":{"line":1,"column":18},"end":{"line":1,"column":44}},"1":{"start":{"line":1,"column":36},"end":{"line":1,"column":44}}},"fnMap":{"0":{"name":"(anonymous_0)","decl":{"start":{"line":1,"column":18},"end":{"line":1,"column":19}},"loc":{"start":{"line":1,"column":36},"end":{"line":1,"column":44}},"line":1}},"branchMap":{},"s":{"0":1,"1":0},"f":{"0":0},"b":{},"_coverageSchema":"332fd63041d2c1bcb487cc26dd0d5f7d97098a6c","hash":"51b0a4aac02be05626201f5d05e56e7227fe77d3"}
,"/Users/vladimirnovick/dev/VladDev/Conferences/ReactBoston/react-iot/src/components/Led.js": {"path":"/Users/vladimirnovick/dev/VladDev/Conferences/ReactBoston/react-iot/src/components/Led.js","statementMap":{"0":{"start":{"line":9,"column":32},"end":{"line":9,"column":42}},"1":{"start":{"line":10,"column":4},"end":{"line":10,"column":48}},"2":{"start":{"line":11,"column":4},"end":{"line":11,"column":38}},"3":{"start":{"line":12,"column":4},"end":{"line":14,"column":7}},"4":{"start":{"line":13,"column":6},"end":{"line":13,"column":30}},"5":{"start":{"line":18,"column":4},"end":{"line":20,"column":5}},"6":{"start":{"line":19,"column":6},"end":{"line":19,"column":40}},"7":{"start":{"line":24,"column":4},"end":{"line":24,"column":19}},"8":{"start":{"line":28,"column":4},"end":{"line":32,"column":5}},"9":{"start":{"line":29,"column":6},"end":{"line":29,"column":20}},"10":{"start":{"line":31,"column":6},"end":{"line":31,"column":21}},"11":{"start":{"line":36,"column":4},"end":{"line":36,"column":17}}},"fnMap":{"0":{"name":"(anonymous_0)","decl":{"start":{"line":8,"column":2},"end":{"line":8,"column":3}},"loc":{"start":{"line":8,"column":23},"end":{"line":15,"column":3}},"line":8},"1":{"name":"(anonymous_1)","decl":{"start":{"line":12,"column":34},"end":{"line":12,"column":35}},"loc":{"start":{"line":12,"column":40},"end":{"line":14,"column":5}},"line":12},"2":{"name":"(anonymous_2)","decl":{"start":{"line":17,"column":2},"end":{"line":17,"column":3}},"loc":{"start":{"line":17,"column":31},"end":{"line":21,"column":3}},"line":17},"3":{"name":"(anonymous_3)","decl":{"start":{"line":23,"column":2},"end":{"line":23,"column":3}},"loc":{"start":{"line":23,"column":25},"end":{"line":25,"column":3}},"line":23},"4":{"name":"(anonymous_4)","decl":{"start":{"line":27,"column":2},"end":{"line":27,"column":3}},"loc":{"start":{"line":27,"column":20},"end":{"line":33,"column":3}},"line":27},"5":{"name":"(anonymous_5)","decl":{"start":{"line":35,"column":2},"end":{"line":35,"column":3}},"loc":{"start":{"line":35,"column":11},"end":{"line":37,"column":3}},"line":35}},"branchMap":{"0":{"loc":{"start":{"line":18,"column":4},"end":{"line":20,"column":5}},"type":"if","locations":[{"start":{"line":18,"column":4},"end":{"line":20,"column":5}},{"start":{"line":18,"column":4},"end":{"line":20,"column":5}}],"line":18},"1":{"loc":{"start":{"line":28,"column":4},"end":{"line":32,"column":5}},"type":"if","locations":[{"start":{"line":28,"column":4},"end":{"line":32,"column":5}},{"start":{"line":28,"column":4},"end":{"line":32,"column":5}}],"line":28}},"s":{"0":0,"1":0,"2":0,"3":0,"4":0,"5":0,"6":0,"7":0,"8":0,"9":0,"10":0,"11":0},"f":{"0":0,"1":0,"2":0,"3":0,"4":0,"5":0},"b":{"0":[0,0],"1":[0,0]},"_coverageSchema":"332fd63041d2c1bcb487cc26dd0d5f7d97098a6c","hash":"ea6625f5cda0d127f5fc15d7b7f43145a6713cff"}
,"/Users/vladimirnovick/dev/VladDev/Conferences/ReactBoston/react-iot/src/components/index.js": {"path":"/Users/vladimirnovick/dev/VladDev/Conferences/ReactBoston/react-iot/src/components/index.js","statementMap":{"0":{"start":{"line":8,"column":28},"end":{"line":13,"column":1}},"1":{"start":{"line":17,"column":38},"end":{"line":25,"column":1}},"2":{"start":{"line":20,"column":2},"end":{"line":23,"column":3}},"3":{"start":{"line":20,"column":50},"end":{"line":20,"column":67}},"4":{"start":{"line":21,"column":22},"end":{"line":21,"column":92}},"5":{"start":{"line":22,"column":4},"end":{"line":22,"column":49}},"6":{"start":{"line":24,"column":2},"end":{"line":24,"column":50}}},"fnMap":{"0":{"name":"(anonymous_0)","decl":{"start":{"line":17,"column":38},"end":{"line":17,"column":39}},"loc":{"start":{"line":19,"column":5},"end":{"line":25,"column":1}},"line":19},"1":{"name":"(anonymous_1)","decl":{"start":{"line":20,"column":43},"end":{"line":20,"column":44}},"loc":{"start":{"line":20,"column":50},"end":{"line":20,"column":67}},"line":20}},"branchMap":{"0":{"loc":{"start":{"line":20,"column":2},"end":{"line":23,"column":3}},"type":"if","locations":[{"start":{"line":20,"column":2},"end":{"line":23,"column":3}},{"start":{"line":20,"column":2},"end":{"line":23,"column":3}}],"line":20}},"s":{"0":1,"1":1,"2":0,"3":0,"4":0,"5":0,"6":0},"f":{"0":0,"1":0},"b":{"0":[0,0]},"_coverageSchema":"332fd63041d2c1bcb487cc26dd0d5f7d97098a6c","hash":"eb1fc53b5a856484b9a75cb99d400a74a2c078ee"}
,"/Users/vladimirnovick/dev/VladDev/Conferences/ReactBoston/react-iot/src/core/ReactIoTRenderer.js": {"path":"/Users/vladimirnovick/dev/VladDev/Conferences/ReactBoston/react-iot/src/core/ReactIoTRenderer.js","statementMap":{"0":{"start":{"line":11,"column":27},"end":{"line":11,"column":59}},"1":{"start":{"line":19,"column":5},"end":{"line":42,"column":1}},"2":{"start":{"line":25,"column":4},"end":{"line":29,"column":5}},"3":{"start":{"line":26,"column":30},"end":{"line":26,"column":51}},"4":{"start":{"line":27,"column":24},"end":{"line":27,"column":67}},"5":{"start":{"line":28,"column":6},"end":{"line":28,"column":64}},"6":{"start":{"line":30,"column":4},"end":{"line":31,"column":53}},"7":{"start":{"line":35,"column":4},"end":{"line":37,"column":5}},"8":{"start":{"line":36,"column":6},"end":{"line":36,"column":64}},"9":{"start":{"line":40,"column":4},"end":{"line":40,"column":51}}},"fnMap":{},"branchMap":{"0":{"loc":{"start":{"line":25,"column":4},"end":{"line":29,"column":5}},"type":"if","locations":[{"start":{"line":25,"column":4},"end":{"line":29,"column":5}},{"start":{"line":25,"column":4},"end":{"line":29,"column":5}}],"line":25},"1":{"loc":{"start":{"line":35,"column":4},"end":{"line":37,"column":5}},"type":"if","locations":[{"start":{"line":35,"column":4},"end":{"line":37,"column":5}},{"start":{"line":35,"column":4},"end":{"line":37,"column":5}}],"line":35}},"s":{"0":1,"1":1,"2":0,"3":0,"4":0,"5":0,"6":0,"7":0,"8":0,"9":0},"f":{},"b":{"0":[0,0],"1":[0,0]},"_coverageSchema":"332fd63041d2c1bcb487cc26dd0d5f7d97098a6c","hash":"df67d178e8e81ad07474405fe3eecc6e5fdaa522"}
,"/Users/vladimirnovick/dev/VladDev/Conferences/ReactBoston/react-iot/src/core/ReactIotContainer.js": {"path":"/Users/vladimirnovick/dev/VladDev/Conferences/ReactBoston/react-iot/src/core/ReactIotContainer.js","statementMap":{"0":{"start":{"line":9,"column":4},"end":{"line":9,"column":27}},"1":{"start":{"line":13,"column":4},"end":{"line":13,"column":29}},"2":{"start":{"line":17,"column":4},"end":{"line":17,"column":39}},"3":{"start":{"line":21,"column":4},"end":{"line":21,"column":32}},"4":{"start":{"line":25,"column":4},"end":{"line":25,"column":27}}},"fnMap":{"0":{"name":"(anonymous_0)","decl":{"start":{"line":8,"column":2},"end":{"line":8,"column":3}},"loc":{"start":{"line":8,"column":33},"end":{"line":10,"column":3}},"line":8},"1":{"name":"(anonymous_1)","decl":{"start":{"line":12,"column":2},"end":{"line":12,"column":3}},"loc":{"start":{"line":12,"column":42},"end":{"line":14,"column":3}},"line":12},"2":{"name":"(anonymous_2)","decl":{"start":{"line":16,"column":2},"end":{"line":16,"column":3}},"loc":{"start":{"line":16,"column":43},"end":{"line":18,"column":3}},"line":16},"3":{"name":"(anonymous_3)","decl":{"start":{"line":20,"column":2},"end":{"line":20,"column":3}},"loc":{"start":{"line":20,"column":42},"end":{"line":22,"column":3}},"line":20},"4":{"name":"(anonymous_4)","decl":{"start":{"line":24,"column":2},"end":{"line":24,"column":3}},"loc":{"start":{"line":24,"column":41},"end":{"line":26,"column":3}},"line":24}},"branchMap":{},"s":{"0":0,"1":0,"2":0,"3":0,"4":0},"f":{"0":0,"1":0,"2":0,"3":0,"4":0},"b":{},"_coverageSchema":"332fd63041d2c1bcb487cc26dd0d5f7d97098a6c","hash":"a4aec25272c60755e28de2ae7f0da6e0e1e2e31b"}
,"/Users/vladimirnovick/dev/VladDev/Conferences/ReactBoston/react-iot/src/core/ReactIotManager.js": {"path":"/Users/vladimirnovick/dev/VladDev/Conferences/ReactBoston/react-iot/src/core/ReactIotManager.js","statementMap":{},"fnMap":{},"branchMap":{},"s":{},"f":{},"b":{},"_coverageSchema":"332fd63041d2c1bcb487cc26dd0d5f7d97098a6c","hash":"a0fb0388e08fdbabab9d7a0f8429fd1cda5069f8"}
,"/Users/vladimirnovick/dev/VladDev/Conferences/ReactBoston/react-iot/src/core/hostConfig.js": {"path":"/Users/vladimirnovick/dev/VladDev/Conferences/ReactBoston/react-iot/src/core/hostConfig.js","statementMap":{"0":{"start":{"line":6,"column":2},"end":{"line":8,"column":4}},"1":{"start":{"line":12,"column":12},"end":{"line":14,"column":1}},"2":{"start":{"line":13,"column":2},"end":{"line":13,"column":23}},"3":{"start":{"line":16,"column":20},"end":{"line":16,"column":22}},"4":{"start":{"line":19,"column":2},"end":{"line":19,"column":35}},"5":{"start":{"line":23,"column":2},"end":{"line":23,"column":28}},"6":{"start":{"line":27,"column":2},"end":{"line":27,"column":28}},"7":{"start":{"line":31,"column":2},"end":{"line":31,"column":22}},"8":{"start":{"line":37,"column":2},"end":{"line":37,"column":33}},"9":{"start":{"line":39,"column":2},"end":{"line":39,"column":15}},"10":{"start":{"line":51,"column":2},"end":{"line":51,"column":29}},"11":{"start":{"line":52,"column":2},"end":{"line":52,"column":14}},"12":{"start":{"line":67,"column":2},"end":{"line":67,"column":32}},"13":{"start":{"line":76,"column":2},"end":{"line":76,"column":21}},"14":{"start":{"line":87,"column":2},"end":{"line":87,"column":28}},"15":{"start":{"line":88,"column":2},"end":{"line":88,"column":21}},"16":{"start":{"line":92,"column":2},"end":{"line":92,"column":29}},"17":{"start":{"line":93,"column":2},"end":{"line":93,"column":21}},"18":{"start":{"line":101,"column":2},"end":{"line":101,"column":27}},"19":{"start":{"line":102,"column":2},"end":{"line":104,"column":3}},"20":{"start":{"line":103,"column":4},"end":{"line":103,"column":16}},"21":{"start":{"line":105,"column":2},"end":{"line":105,"column":24}},"22":{"start":{"line":106,"column":2},"end":{"line":106,"column":61}},"23":{"start":{"line":115,"column":2},"end":{"line":115,"column":26}},"24":{"start":{"line":120,"column":2},"end":{"line":120,"column":26}},"25":{"start":{"line":129,"column":2},"end":{"line":129,"column":30}},"26":{"start":{"line":130,"column":2},"end":{"line":130,"column":15}},"27":{"start":{"line":134,"column":2},"end":{"line":134,"column":26}},"28":{"start":{"line":141,"column":2},"end":{"line":141,"column":28}},"29":{"start":{"line":142,"column":2},"end":{"line":142,"column":14}},"30":{"start":{"line":146,"column":2},"end":{"line":146,"column":26}},"31":{"start":{"line":148,"column":2},"end":{"line":148,"column":59}},"32":{"start":{"line":153,"column":2},"end":{"line":153,"column":35}},"33":{"start":{"line":158,"column":2},"end":{"line":158,"column":34}},"34":{"start":{"line":163,"column":2},"end":{"line":163,"column":15}},"35":{"start":{"line":166,"column":33},"end":{"line":166,"column":37}}},"fnMap":{"0":{"name":"createInstance","decl":{"start":{"line":3,"column":16},"end":{"line":3,"column":30}},"loc":{"start":{"line":5,"column":2},"end":{"line":9,"column":1}},"line":5},"1":{"name":"(anonymous_1)","decl":{"start":{"line":12,"column":12},"end":{"line":12,"column":13}},"loc":{"start":{"line":12,"column":25},"end":{"line":14,"column":1}},"line":12},"2":{"name":"appendInitialChild","decl":{"start":{"line":18,"column":16},"end":{"line":18,"column":34}},"loc":{"start":{"line":18,"column":58},"end":{"line":20,"column":1}},"line":18},"3":{"name":"appendChild","decl":{"start":{"line":22,"column":16},"end":{"line":22,"column":27}},"loc":{"start":{"line":22,"column":51},"end":{"line":24,"column":1}},"line":22},"4":{"name":"removeChild","decl":{"start":{"line":26,"column":16},"end":{"line":26,"column":27}},"loc":{"start":{"line":26,"column":51},"end":{"line":28,"column":1}},"line":26},"5":{"name":"insertBefore","decl":{"start":{"line":30,"column":16},"end":{"line":30,"column":28}},"loc":{"start":{"line":30,"column":65},"end":{"line":32,"column":1}},"line":30},"6":{"name":"finalizeInitialChildren","decl":{"start":{"line":34,"column":16},"end":{"line":34,"column":39}},"loc":{"start":{"line":36,"column":2},"end":{"line":40,"column":1}},"line":36},"7":{"name":"prepareUpdate","decl":{"start":{"line":47,"column":16},"end":{"line":47,"column":29}},"loc":{"start":{"line":50,"column":2},"end":{"line":55,"column":1}},"line":50},"8":{"name":"commitUpdate","decl":{"start":{"line":57,"column":16},"end":{"line":57,"column":28}},"loc":{"start":{"line":64,"column":2},"end":{"line":68,"column":1}},"line":64},"9":{"name":"commitMount","decl":{"start":{"line":73,"column":16},"end":{"line":73,"column":27}},"loc":{"start":{"line":75,"column":2},"end":{"line":78,"column":1}},"line":75},"10":{"name":"getRootHostContext","decl":{"start":{"line":86,"column":16},"end":{"line":86,"column":34}},"loc":{"start":{"line":86,"column":58},"end":{"line":89,"column":1}},"line":86},"11":{"name":"getChildHostContext","decl":{"start":{"line":91,"column":16},"end":{"line":91,"column":35}},"loc":{"start":{"line":91,"column":61},"end":{"line":94,"column":1}},"line":91},"12":{"name":"getPublicInstance","decl":{"start":{"line":100,"column":16},"end":{"line":100,"column":33}},"loc":{"start":{"line":100,"column":44},"end":{"line":107,"column":1}},"line":100},"13":{"name":"prepareForCommit","decl":{"start":{"line":114,"column":16},"end":{"line":114,"column":32}},"loc":{"start":{"line":114,"column":35},"end":{"line":117,"column":1}},"line":114},"14":{"name":"resetAfterCommit","decl":{"start":{"line":119,"column":16},"end":{"line":119,"column":32}},"loc":{"start":{"line":119,"column":35},"end":{"line":122,"column":1}},"line":119},"15":{"name":"shouldSetTextContent","decl":{"start":{"line":128,"column":16},"end":{"line":128,"column":36}},"loc":{"start":{"line":128,"column":44},"end":{"line":131,"column":1}},"line":128},"16":{"name":"resetTextContent","decl":{"start":{"line":133,"column":16},"end":{"line":133,"column":32}},"loc":{"start":{"line":133,"column":43},"end":{"line":136,"column":1}},"line":133},"17":{"name":"createTextInstance","decl":{"start":{"line":138,"column":16},"end":{"line":138,"column":34}},"loc":{"start":{"line":140,"column":2},"end":{"line":143,"column":1}},"line":140},"18":{"name":"commitTextUpdate","decl":{"start":{"line":145,"column":16},"end":{"line":145,"column":32}},"loc":{"start":{"line":145,"column":65},"end":{"line":149,"column":1}},"line":145},"19":{"name":"scheduleAnimationCallback","decl":{"start":{"line":152,"column":16},"end":{"line":152,"column":41}},"loc":{"start":{"line":152,"column":44},"end":{"line":154,"column":1}},"line":152},"20":{"name":"scheduleDeferredCallback","decl":{"start":{"line":157,"column":16},"end":{"line":157,"column":40}},"loc":{"start":{"line":157,"column":43},"end":{"line":159,"column":1}},"line":157},"21":{"name":"shouldDeprioritizeSubtree","decl":{"start":{"line":162,"column":16},"end":{"line":162,"column":41}},"loc":{"start":{"line":162,"column":44},"end":{"line":164,"column":1}},"line":162}},"branchMap":{"0":{"loc":{"start":{"line":102,"column":2},"end":{"line":104,"column":3}},"type":"if","locations":[{"start":{"line":102,"column":2},"end":{"line":104,"column":3}},{"start":{"line":102,"column":2},"end":{"line":104,"column":3}}],"line":102},"1":{"loc":{"start":{"line":106,"column":9},"end":{"line":106,"column":60}},"type":"binary-expr","locations":[{"start":{"line":106,"column":9},"end":{"line":106,"column":25}},{"start":{"line":106,"column":29},"end":{"line":106,"column":60}}],"line":106}},"s":{"0":0,"1":1,"2":0,"3":1,"4":0,"5":0,"6":0,"7":0,"8":0,"9":0,"10":0,"11":0,"12":0,"13":0,"14":0,"15":0,"16":0,"17":0,"18":0,"19":0,"20":0,"21":0,"22":0,"23":0,"24":0,"25":0,"26":0,"27":0,"28":0,"29":0,"30":0,"31":0,"32":0,"33":0,"34":0,"35":1},"f":{"0":0,"1":0,"2":0,"3":0,"4":0,"5":0,"6":0,"7":0,"8":0,"9":0,"10":0,"11":0,"12":0,"13":0,"14":0,"15":0,"16":0,"17":0,"18":0,"19":0,"20":0,"21":0},"b":{"0":[0,0],"1":[0,0]},"_coverageSchema":"332fd63041d2c1bcb487cc26dd0d5f7d97098a6c","hash":"fbb2b0ba02430da8466656adec2f0677e29fcbb2"}
}
