{"total": {"lines":{"total":96,"covered":9,"skipped":0,"pct":9.38},"statements":{"total":98,"covered":9,"skipped":0,"pct":9.18},"functions":{"total":48,"covered":0,"skipped":0,"pct":0},"branches":{"total":20,"covered":0,"skipped":0,"pct":0}}
,"/Users/vladimirnovick/dev/VladDev/Conferences/ReactBoston/react-iot/src/index.js": {"lines":{"total":0,"covered":0,"skipped":0,"pct":100},"functions":{"total":0,"covered":0,"skipped":0,"pct":100},"statements":{"total":0,"covered":0,"skipped":0,"pct":100},"branches":{"total":0,"covered":0,"skipped":0,"pct":100}}
,"/Users/vladimirnovick/dev/VladDev/Conferences/ReactBoston/react-iot/src/components/Board.js": {"lines":{"total":7,"covered":0,"skipped":0,"pct":0},"functions":{"total":5,"covered":0,"skipped":0,"pct":0},"statements":{"total":7,"covered":0,"skipped":0,"pct":0},"branches":{"total":2,"covered":0,"skipped":0,"pct":0}}
,"/Users/vladimirnovick/dev/VladDev/Conferences/ReactBoston/react-iot/src/components/Button.js": {"lines":{"total":19,"covered":1,"skipped":0,"pct":5.26},"functions":{"total":7,"covered":0,"skipped":0,"pct":0},"statements":{"total":19,"covered":1,"skipped":0,"pct":5.26},"branches":{"total":4,"covered":0,"skipped":0,"pct":0}}
,"/Users/vladimirnovick/dev/VladDev/Conferences/ReactBoston/react-iot/src/components/Container.js": {"lines":{"total":1,"covered":1,"skipped":0,"pct":100},"functions":{"total":1,"covered":0,"skipped":0,"pct":0},"statements":{"total":2,"covered":1,"skipped":0,"pct":50},"branches":{"total":0,"covered":0,"skipped":0,"pct":100}}
,"/Users/vladimirnovick/dev/VladDev/Conferences/ReactBoston/react-iot/src/components/Led.js": {"lines":{"total":12,"covered":0,"skipped":0,"pct":0},"functions":{"total":6,"covered":0,"skipped":0,"pct":0},"statements":{"total":12,"covered":0,"skipped":0,"pct":0},"branches":{"total":4,"covered":0,"skipped":0,"pct":0}}
,"/Users/vladimirnovick/dev/VladDev/Conferences/ReactBoston/react-iot/src/components/index.js": {"lines":{"total":6,"covered":2,"skipped":0,"pct":33.33},"functions":{"total":2,"covered":0,"skipped":0,"pct":0},"statements":{"total":7,"covered":2,"skipped":0,"pct":28.57},"branches":{"total":2,"covered":0,"skipped":0,"pct":0}}
,"/Users/vladimirnovick/dev/VladDev/Conferences/ReactBoston/react-iot/src/core/ReactIoTRenderer.js": {"lines":{"total":10,"covered":2,"skipped":0,"pct":20},"functions":{"total":0,"covered":0,"skipped":0,"pct":100},"statements":{"total":10,"covered":2,"skipped":0,"pct":20},"branches":{"total":4,"covered":0,"skipped":0,"pct":0}}
,"/Users/vladimirnovick/dev/VladDev/Conferences/ReactBoston/react-iot/src/core/ReactIotContainer.js": {"lines":{"total":5,"covered":0,"skipped":0,"pct":0},"functions":{"total":5,"covered":0,"skipped":0,"pct":0},"statements":{"total":5,"covered":0,"skipped":0,"pct":0},"branches":{"total":0,"covered":0,"skipped":0,"pct":100}}
,"/Users/vladimirnovick/dev/VladDev/Conferences/ReactBoston/react-iot/src/core/ReactIotManager.js": {"lines":{"total":0,"covered":0,"skipped":0,"pct":100},"functions":{"total":0,"covered":0,"skipped":0,"pct":100},"statements":{"total":0,"covered":0,"skipped":0,"pct":100},"branches":{"total":0,"covered":0,"skipped":0,"pct":100}}
,"/Users/vladimirnovick/dev/VladDev/Conferences/ReactBoston/react-iot/src/core/hostConfig.js": {"lines":{"total":36,"covered":3,"skipped":0,"pct":8.33},"functions":{"total":22,"covered":0,"skipped":0,"pct":0},"statements":{"total":36,"covered":3,"skipped":0,"pct":8.33},"branches":{"total":4,"covered":0,"skipped":0,"pct":0}}
}
