TN:
SF:/Users/vladimirnovick/dev/VladDev/Conferences/ReactBoston/react-iot/src/index.js
FNF:0
FNH:0
LF:0
LH:0
BRF:0
BRH:0
end_of_record
TN:
SF:/Users/vladimirnovick/dev/VladDev/Conferences/ReactBoston/react-iot/src/components/Board.js
FN:11,(anonymous_0)
FN:15,(anonymous_1)
FN:17,(anonymous_2)
FN:23,(anonymous_3)
FN:27,(anonymous_4)
FNF:5
FNH:0
FNDA:0,(anonymous_0)
FNDA:0,(anonymous_1)
FNDA:0,(anonymous_2)
FNDA:0,(anonymous_3)
FNDA:0,(anonymous_4)
DA:12,0
DA:16,0
DA:17,0
DA:18,0
DA:20,0
DA:24,0
DA:28,0
LF:7
LH:0
BRDA:28,0,0,0
BRDA:28,0,1,0
BRF:2
BRH:0
end_of_record
TN:
SF:/Users/vladimirnovick/dev/VladDev/Conferences/ReactBoston/react-iot/src/components/Button.js
FN:12,(anonymous_0)
FN:17,(anonymous_1)
FN:22,(anonymous_2)
FN:26,(anonymous_3)
FN:39,(anonymous_4)
FN:43,(anonymous_5)
FN:50,(anonymous_6)
FNF:7
FNH:0
FNDA:0,(anonymous_0)
FNDA:0,(anonymous_1)
FNDA:0,(anonymous_2)
FNDA:0,(anonymous_3)
FNDA:0,(anonymous_4)
FNDA:0,(anonymous_5)
FNDA:0,(anonymous_6)
DA:6,1
DA:13,0
DA:14,0
DA:15,0
DA:18,0
DA:19,0
DA:23,0
DA:27,0
DA:29,0
DA:30,0
DA:34,0
DA:37,0
DA:38,0
DA:39,0
DA:44,0
DA:45,0
DA:46,0
DA:47,0
DA:51,0
LF:19
LH:1
BRDA:29,0,0,0
BRDA:29,0,1,0
BRDA:37,1,0,0
BRDA:37,1,1,0
BRF:4
BRH:0
end_of_record
TN:
SF:/Users/vladimirnovick/dev/VladDev/Conferences/ReactBoston/react-iot/src/components/Container.js
FN:1,(anonymous_0)
FNF:1
FNH:0
FNDA:0,(anonymous_0)
DA:1,1
LF:1
LH:1
BRF:0
BRH:0
end_of_record
TN:
SF:/Users/vladimirnovick/dev/VladDev/Conferences/ReactBoston/react-iot/src/components/Led.js
FN:8,(anonymous_0)
FN:12,(anonymous_1)
FN:17,(anonymous_2)
FN:23,(anonymous_3)
FN:27,(anonymous_4)
FN:35,(anonymous_5)
FNF:6
FNH:0
FNDA:0,(anonymous_0)
FNDA:0,(anonymous_1)
FNDA:0,(anonymous_2)
FNDA:0,(anonymous_3)
FNDA:0,(anonymous_4)
FNDA:0,(anonymous_5)
DA:9,0
DA:10,0
DA:11,0
DA:12,0
DA:13,0
DA:18,0
DA:19,0
DA:24,0
DA:28,0
DA:29,0
DA:31,0
DA:36,0
LF:12
LH:0
BRDA:18,0,0,0
BRDA:18,0,1,0
BRDA:28,1,0,0
BRDA:28,1,1,0
BRF:4
BRH:0
end_of_record
TN:
SF:/Users/vladimirnovick/dev/VladDev/Conferences/ReactBoston/react-iot/src/components/index.js
FN:17,(anonymous_0)
FN:20,(anonymous_1)
FNF:2
FNH:0
FNDA:0,(anonymous_0)
FNDA:0,(anonymous_1)
DA:8,1
DA:17,1
DA:20,0
DA:21,0
DA:22,0
DA:24,0
LF:6
LH:2
BRDA:20,0,0,0
BRDA:20,0,1,0
BRF:2
BRH:0
end_of_record
TN:
SF:/Users/vladimirnovick/dev/VladDev/Conferences/ReactBoston/react-iot/src/core/ReactIoTRenderer.js
FNF:0
FNH:0
DA:11,1
DA:19,1
DA:25,0
DA:26,0
DA:27,0
DA:28,0
DA:30,0
DA:35,0
DA:36,0
DA:40,0
LF:10
LH:2
BRDA:25,0,0,0
BRDA:25,0,1,0
BRDA:35,1,0,0
BRDA:35,1,1,0
BRF:4
BRH:0
end_of_record
TN:
SF:/Users/vladimirnovick/dev/VladDev/Conferences/ReactBoston/react-iot/src/core/ReactIotContainer.js
FN:8,(anonymous_0)
FN:12,(anonymous_1)
FN:16,(anonymous_2)
FN:20,(anonymous_3)
FN:24,(anonymous_4)
FNF:5
FNH:0
FNDA:0,(anonymous_0)
FNDA:0,(anonymous_1)
FNDA:0,(anonymous_2)
FNDA:0,(anonymous_3)
FNDA:0,(anonymous_4)
DA:9,0
DA:13,0
DA:17,0
DA:21,0
DA:25,0
LF:5
LH:0
BRF:0
BRH:0
end_of_record
TN:
SF:/Users/vladimirnovick/dev/VladDev/Conferences/ReactBoston/react-iot/src/core/ReactIotManager.js
FNF:0
FNH:0
LF:0
LH:0
BRF:0
BRH:0
end_of_record
TN:
SF:/Users/vladimirnovick/dev/VladDev/Conferences/ReactBoston/react-iot/src/core/hostConfig.js
FN:3,createInstance
FN:12,(anonymous_1)
FN:18,appendInitialChild
FN:22,appendChild
FN:26,removeChild
FN:30,insertBefore
FN:34,finalizeInitialChildren
FN:47,prepareUpdate
FN:57,commitUpdate
FN:73,commitMount
FN:86,getRootHostContext
FN:91,getChildHostContext
FN:100,getPublicInstance
FN:114,prepareForCommit
FN:119,resetAfterCommit
FN:128,shouldSetTextContent
FN:133,resetTextContent
FN:138,createTextInstance
FN:145,commitTextUpdate
FN:152,scheduleAnimationCallback
FN:157,scheduleDeferredCallback
FN:162,shouldDeprioritizeSubtree
FNF:22
FNH:0
FNDA:0,createInstance
FNDA:0,(anonymous_1)
FNDA:0,appendInitialChild
FNDA:0,appendChild
FNDA:0,removeChild
FNDA:0,insertBefore
FNDA:0,finalizeInitialChildren
FNDA:0,prepareUpdate
FNDA:0,commitUpdate
FNDA:0,commitMount
FNDA:0,getRootHostContext
FNDA:0,getChildHostContext
FNDA:0,getPublicInstance
FNDA:0,prepareForCommit
FNDA:0,resetAfterCommit
FNDA:0,shouldSetTextContent
FNDA:0,resetTextContent
FNDA:0,createTextInstance
FNDA:0,commitTextUpdate
FNDA:0,scheduleAnimationCallback
FNDA:0,scheduleDeferredCallback
FNDA:0,shouldDeprioritizeSubtree
DA:6,0
DA:12,1
DA:13,0
DA:16,1
DA:19,0
DA:23,0
DA:27,0
DA:31,0
DA:37,0
DA:39,0
DA:51,0
DA:52,0
DA:67,0
DA:76,0
DA:87,0
DA:88,0
DA:92,0
DA:93,0
DA:101,0
DA:102,0
DA:103,0
DA:105,0
DA:106,0
DA:115,0
DA:120,0
DA:129,0
DA:130,0
DA:134,0
DA:141,0
DA:142,0
DA:146,0
DA:148,0
DA:153,0
DA:158,0
DA:163,0
DA:166,1
LF:36
LH:3
BRDA:102,0,0,0
BRDA:102,0,1,0
BRDA:106,1,0,0
BRDA:106,1,1,0
BRF:4
BRH:0
end_of_record
